The system is: Linux - 2.6.32-358.23.2.el6.x86_64 - x86_64
Compiling the C compiler identification source file "CMakeCCompilerId.c" succeeded.
Compiler: /usr/bin/cc 
Build flags: 
Id flags: 

The output was:
0


Compilation of the C compiler identification source "CMakeCCompilerId.c" produced "a.out"

The C compiler identification is GNU, found in "/users/kenneth/Dropbox/Annealer/Annealer/neoParSA-1/build/CMakeFiles/2.8.11.2/CompilerIdC/a.out"

Compiling the CXX compiler identification source file "CMakeCXXCompilerId.cpp" succeeded.
Compiler: /users/kenneth/intel/composer_xe_2013_sp1.0.080/bin/intel64/icpc 
Build flags: 
Id flags: 

The output was:
0


Compilation of the CXX compiler identification source "CMakeCXXCompilerId.cpp" produced "a.out"

The CXX compiler identification is Intel, found in "/users/kenneth/Dropbox/Annealer/Annealer/neoParSA-1/build/CMakeFiles/2.8.11.2/CompilerIdCXX/a.out"

Determining if the C compiler works passed with the following output:
Change Dir: /users/kenneth/Dropbox/Annealer/Annealer/neoParSA-1/build/CMakeFiles/CMakeTmp

Run Build Command:/usr/bin/gmake "cmTryCompileExec1952056059/fast"
/usr/bin/gmake -f CMakeFiles/cmTryCompileExec1952056059.dir/build.make CMakeFiles/cmTryCompileExec1952056059.dir/build
gmake[1]: Entering directory `/users/kenneth/Dropbox/Annealer/Annealer/neoParSA-1/build/CMakeFiles/CMakeTmp'
/usr/bin/cmake28 -E cmake_progress_report /users/kenneth/Dropbox/Annealer/Annealer/neoParSA-1/build/CMakeFiles/CMakeTmp/CMakeFiles 1
Building C object CMakeFiles/cmTryCompileExec1952056059.dir/testCCompiler.c.o
/usr/bin/cc    -o CMakeFiles/cmTryCompileExec1952056059.dir/testCCompiler.c.o   -c /users/kenneth/Dropbox/Annealer/Annealer/neoParSA-1/build/CMakeFiles/CMakeTmp/testCCompiler.c
Linking C executable cmTryCompileExec1952056059
/usr/bin/cmake28 -E cmake_link_script CMakeFiles/cmTryCompileExec1952056059.dir/link.txt --verbose=1
/usr/bin/cc         CMakeFiles/cmTryCompileExec1952056059.dir/testCCompiler.c.o  -o cmTryCompileExec1952056059 -rdynamic 
gmake[1]: Leaving directory `/users/kenneth/Dropbox/Annealer/Annealer/neoParSA-1/build/CMakeFiles/CMakeTmp'


Detecting C compiler ABI info compiled with the following output:
Change Dir: /users/kenneth/Dropbox/Annealer/Annealer/neoParSA-1/build/CMakeFiles/CMakeTmp

Run Build Command:/usr/bin/gmake "cmTryCompileExec473810318/fast"
/usr/bin/gmake -f CMakeFiles/cmTryCompileExec473810318.dir/build.make CMakeFiles/cmTryCompileExec473810318.dir/build
gmake[1]: Entering directory `/users/kenneth/Dropbox/Annealer/Annealer/neoParSA-1/build/CMakeFiles/CMakeTmp'
/usr/bin/cmake28 -E cmake_progress_report /users/kenneth/Dropbox/Annealer/Annealer/neoParSA-1/build/CMakeFiles/CMakeTmp/CMakeFiles 1
Building C object CMakeFiles/cmTryCompileExec473810318.dir/CMakeCCompilerABI.c.o
/usr/bin/cc    -o CMakeFiles/cmTryCompileExec473810318.dir/CMakeCCompilerABI.c.o   -c /usr/share/cmake28/Modules/CMakeCCompilerABI.c
Linking C executable cmTryCompileExec473810318
/usr/bin/cmake28 -E cmake_link_script CMakeFiles/cmTryCompileExec473810318.dir/link.txt --verbose=1
/usr/bin/cc       -v CMakeFiles/cmTryCompileExec473810318.dir/CMakeCCompilerABI.c.o  -o cmTryCompileExec473810318 -rdynamic  
Using built-in specs.
Target: x86_64-redhat-linux
Configured with: ../configure --prefix=/usr --mandir=/usr/share/man --infodir=/usr/share/info --with-bugurl=http://bugzilla.redhat.com/bugzilla --enable-bootstrap --enable-shared --enable-threads=posix --enable-checking=release --with-system-zlib --enable-__cxa_atexit --disable-libunwind-exceptions --enable-gnu-unique-object --enable-languages=c,c++,objc,obj-c++,java,fortran,ada --enable-java-awt=gtk --disable-dssi --with-java-home=/usr/lib/jvm/java-1.5.0-gcj-1.5.0.0/jre --enable-libgcj-multifile --enable-java-maintainer-mode --with-ecj-jar=/usr/share/java/eclipse-ecj.jar --disable-libjava-multilib --with-ppl --with-cloog --with-tune=generic --with-arch_32=i686 --build=x86_64-redhat-linux
Thread model: posix
gcc version 4.4.7 20120313 (Red Hat 4.4.7-3) (GCC) 
COMPILER_PATH=/usr/libexec/gcc/x86_64-redhat-linux/4.4.7/:/usr/libexec/gcc/x86_64-redhat-linux/4.4.7/:/usr/libexec/gcc/x86_64-redhat-linux/:/usr/lib/gcc/x86_64-redhat-linux/4.4.7/:/usr/lib/gcc/x86_64-redhat-linux/:/usr/libexec/gcc/x86_64-redhat-linux/4.4.7/:/usr/libexec/gcc/x86_64-redhat-linux/:/usr/lib/gcc/x86_64-redhat-linux/4.4.7/:/usr/lib/gcc/x86_64-redhat-linux/
LIBRARY_PATH=/usr/lib/gcc/x86_64-redhat-linux/4.4.7/:/usr/lib/gcc/x86_64-redhat-linux/4.4.7/:/usr/lib/gcc/x86_64-redhat-linux/4.4.7/../../../../lib64/:/lib/../lib64/:/usr/lib/../lib64/:/users/kenneth/intel/composer_xe_2013_sp1.0.080/compiler/lib/intel64/:/users/kenneth/intel/composer_xe_2013_sp1.0.080/ipp/../compiler/lib/intel64/:/users/kenneth/intel/composer_xe_2013_sp1.0.080/ipp/lib/intel64/:/users/kenneth/intel/composer_xe_2013_sp1.0.080/compiler/lib/intel64/:/users/kenneth/intel/composer_xe_2013_sp1.0.080/mkl/lib/intel64/:/users/kenneth/intel/composer_xe_2013_sp1.0.080/tbb/lib/intel64/gcc4.4/:/users/kenneth/intel/composer_xe_2013_sp1.0.080/compiler/lib/intel64/:/users/kenneth/intel/composer_xe_2013_sp1.0.080/ipp/../compiler/lib/intel64/:/users/kenneth/intel/composer_xe_2013_sp1.0.080/ipp/lib/intel64/:/users/kenneth/intel/composer_xe_2013_sp1.0.080/compiler/lib/intel64/:/users/kenneth/intel/composer_xe_2013_sp1.0.080/mkl/lib/intel64/:/users/kenneth/intel/composer_xe_2013_sp1.0.080/tbb/lib/intel64/gcc4.4/:/usr/lib/gcc/x86_64-redhat-linux/4.4.7/../../../:/lib/:/usr/lib/
COLLECT_GCC_OPTIONS='-v' '-o' 'cmTryCompileExec473810318' '-rdynamic' '-mtune=generic'
 /usr/libexec/gcc/x86_64-redhat-linux/4.4.7/collect2 --eh-frame-hdr --build-id -m elf_x86_64 --hash-style=gnu -export-dynamic -dynamic-linker /lib64/ld-linux-x86-64.so.2 -o cmTryCompileExec473810318 /usr/lib/gcc/x86_64-redhat-linux/4.4.7/../../../../lib64/crt1.o /usr/lib/gcc/x86_64-redhat-linux/4.4.7/../../../../lib64/crti.o /usr/lib/gcc/x86_64-redhat-linux/4.4.7/crtbegin.o -L/usr/lib/gcc/x86_64-redhat-linux/4.4.7 -L/usr/lib/gcc/x86_64-redhat-linux/4.4.7 -L/usr/lib/gcc/x86_64-redhat-linux/4.4.7/../../../../lib64 -L/lib/../lib64 -L/usr/lib/../lib64 -L/users/kenneth/intel/composer_xe_2013_sp1.0.080/compiler/lib/intel64 -L/users/kenneth/intel/composer_xe_2013_sp1.0.080/ipp/../compiler/lib/intel64 -L/users/kenneth/intel/composer_xe_2013_sp1.0.080/ipp/lib/intel64 -L/users/kenneth/intel/composer_xe_2013_sp1.0.080/compiler/lib/intel64 -L/users/kenneth/intel/composer_xe_2013_sp1.0.080/mkl/lib/intel64 -L/users/kenneth/intel/composer_xe_2013_sp1.0.080/tbb/lib/intel64/gcc4.4 -L/users/kenneth/intel/composer_xe_2013_sp1.0.080/compiler/lib/intel64 -L/users/kenneth/intel/composer_xe_2013_sp1.0.080/ipp/../compiler/lib/intel64 -L/users/kenneth/intel/composer_xe_2013_sp1.0.080/ipp/lib/intel64 -L/users/kenneth/intel/composer_xe_2013_sp1.0.080/compiler/lib/intel64 -L/users/kenneth/intel/composer_xe_2013_sp1.0.080/mkl/lib/intel64 -L/users/kenneth/intel/composer_xe_2013_sp1.0.080/tbb/lib/intel64/gcc4.4 -L/usr/lib/gcc/x86_64-redhat-linux/4.4.7/../../.. CMakeFiles/cmTryCompileExec473810318.dir/CMakeCCompilerABI.c.o -lgcc --as-needed -lgcc_s --no-as-needed -lc -lgcc --as-needed -lgcc_s --no-as-needed /usr/lib/gcc/x86_64-redhat-linux/4.4.7/crtend.o /usr/lib/gcc/x86_64-redhat-linux/4.4.7/../../../../lib64/crtn.o
gmake[1]: Leaving directory `/users/kenneth/Dropbox/Annealer/Annealer/neoParSA-1/build/CMakeFiles/CMakeTmp'


Parsed C implicit link information from above output:
  link line regex: [^( *|.*[/\])(ld|ld|collect2)[^/\]*( |$)]
  ignore line: [Change Dir: /users/kenneth/Dropbox/Annealer/Annealer/neoParSA-1/build/CMakeFiles/CMakeTmp]
  ignore line: []
  ignore line: [Run Build Command:/usr/bin/gmake "cmTryCompileExec473810318/fast"]
  ignore line: [/usr/bin/gmake -f CMakeFiles/cmTryCompileExec473810318.dir/build.make CMakeFiles/cmTryCompileExec473810318.dir/build]
  ignore line: [gmake[1]: Entering directory `/users/kenneth/Dropbox/Annealer/Annealer/neoParSA-1/build/CMakeFiles/CMakeTmp']
  ignore line: [/usr/bin/cmake28 -E cmake_progress_report /users/kenneth/Dropbox/Annealer/Annealer/neoParSA-1/build/CMakeFiles/CMakeTmp/CMakeFiles 1]
  ignore line: [Building C object CMakeFiles/cmTryCompileExec473810318.dir/CMakeCCompilerABI.c.o]
  ignore line: [/usr/bin/cc    -o CMakeFiles/cmTryCompileExec473810318.dir/CMakeCCompilerABI.c.o   -c /usr/share/cmake28/Modules/CMakeCCompilerABI.c]
  ignore line: [Linking C executable cmTryCompileExec473810318]
  ignore line: [/usr/bin/cmake28 -E cmake_link_script CMakeFiles/cmTryCompileExec473810318.dir/link.txt --verbose=1]
  ignore line: [/usr/bin/cc       -v CMakeFiles/cmTryCompileExec473810318.dir/CMakeCCompilerABI.c.o  -o cmTryCompileExec473810318 -rdynamic  ]
  ignore line: [Using built-in specs.]
  ignore line: [Target: x86_64-redhat-linux]
  ignore line: [Configured with: ../configure --prefix=/usr --mandir=/usr/share/man --infodir=/usr/share/info --with-bugurl=http://bugzilla.redhat.com/bugzilla --enable-bootstrap --enable-shared --enable-threads=posix --enable-checking=release --with-system-zlib --enable-__cxa_atexit --disable-libunwind-exceptions --enable-gnu-unique-object --enable-languages=c,c++,objc,obj-c++,java,fortran,ada --enable-java-awt=gtk --disable-dssi --with-java-home=/usr/lib/jvm/java-1.5.0-gcj-1.5.0.0/jre --enable-libgcj-multifile --enable-java-maintainer-mode --with-ecj-jar=/usr/share/java/eclipse-ecj.jar --disable-libjava-multilib --with-ppl --with-cloog --with-tune=generic --with-arch_32=i686 --build=x86_64-redhat-linux]
  ignore line: [Thread model: posix]
  ignore line: [gcc version 4.4.7 20120313 (Red Hat 4.4.7-3) (GCC) ]
  ignore line: [COMPILER_PATH=/usr/libexec/gcc/x86_64-redhat-linux/4.4.7/:/usr/libexec/gcc/x86_64-redhat-linux/4.4.7/:/usr/libexec/gcc/x86_64-redhat-linux/:/usr/lib/gcc/x86_64-redhat-linux/4.4.7/:/usr/lib/gcc/x86_64-redhat-linux/:/usr/libexec/gcc/x86_64-redhat-linux/4.4.7/:/usr/libexec/gcc/x86_64-redhat-linux/:/usr/lib/gcc/x86_64-redhat-linux/4.4.7/:/usr/lib/gcc/x86_64-redhat-linux/]
  ignore line: [LIBRARY_PATH=/usr/lib/gcc/x86_64-redhat-linux/4.4.7/:/usr/lib/gcc/x86_64-redhat-linux/4.4.7/:/usr/lib/gcc/x86_64-redhat-linux/4.4.7/../../../../lib64/:/lib/../lib64/:/usr/lib/../lib64/:/users/kenneth/intel/composer_xe_2013_sp1.0.080/compiler/lib/intel64/:/users/kenneth/intel/composer_xe_2013_sp1.0.080/ipp/../compiler/lib/intel64/:/users/kenneth/intel/composer_xe_2013_sp1.0.080/ipp/lib/intel64/:/users/kenneth/intel/composer_xe_2013_sp1.0.080/compiler/lib/intel64/:/users/kenneth/intel/composer_xe_2013_sp1.0.080/mkl/lib/intel64/:/users/kenneth/intel/composer_xe_2013_sp1.0.080/tbb/lib/intel64/gcc4.4/:/users/kenneth/intel/composer_xe_2013_sp1.0.080/compiler/lib/intel64/:/users/kenneth/intel/composer_xe_2013_sp1.0.080/ipp/../compiler/lib/intel64/:/users/kenneth/intel/composer_xe_2013_sp1.0.080/ipp/lib/intel64/:/users/kenneth/intel/composer_xe_2013_sp1.0.080/compiler/lib/intel64/:/users/kenneth/intel/composer_xe_2013_sp1.0.080/mkl/lib/intel64/:/users/kenneth/intel/composer_xe_2013_sp1.0.080/tbb/lib/intel64/gcc4.4/:/usr/lib/gcc/x86_64-redhat-linux/4.4.7/../../../:/lib/:/usr/lib/]
  ignore line: [COLLECT_GCC_OPTIONS='-v' '-o' 'cmTryCompileExec473810318' '-rdynamic' '-mtune=generic']
  link line: [ /usr/libexec/gcc/x86_64-redhat-linux/4.4.7/collect2 --eh-frame-hdr --build-id -m elf_x86_64 --hash-style=gnu -export-dynamic -dynamic-linker /lib64/ld-linux-x86-64.so.2 -o cmTryCompileExec473810318 /usr/lib/gcc/x86_64-redhat-linux/4.4.7/../../../../lib64/crt1.o /usr/lib/gcc/x86_64-redhat-linux/4.4.7/../../../../lib64/crti.o /usr/lib/gcc/x86_64-redhat-linux/4.4.7/crtbegin.o -L/usr/lib/gcc/x86_64-redhat-linux/4.4.7 -L/usr/lib/gcc/x86_64-redhat-linux/4.4.7 -L/usr/lib/gcc/x86_64-redhat-linux/4.4.7/../../../../lib64 -L/lib/../lib64 -L/usr/lib/../lib64 -L/users/kenneth/intel/composer_xe_2013_sp1.0.080/compiler/lib/intel64 -L/users/kenneth/intel/composer_xe_2013_sp1.0.080/ipp/../compiler/lib/intel64 -L/users/kenneth/intel/composer_xe_2013_sp1.0.080/ipp/lib/intel64 -L/users/kenneth/intel/composer_xe_2013_sp1.0.080/compiler/lib/intel64 -L/users/kenneth/intel/composer_xe_2013_sp1.0.080/mkl/lib/intel64 -L/users/kenneth/intel/composer_xe_2013_sp1.0.080/tbb/lib/intel64/gcc4.4 -L/users/kenneth/intel/composer_xe_2013_sp1.0.080/compiler/lib/intel64 -L/users/kenneth/intel/composer_xe_2013_sp1.0.080/ipp/../compiler/lib/intel64 -L/users/kenneth/intel/composer_xe_2013_sp1.0.080/ipp/lib/intel64 -L/users/kenneth/intel/composer_xe_2013_sp1.0.080/compiler/lib/intel64 -L/users/kenneth/intel/composer_xe_2013_sp1.0.080/mkl/lib/intel64 -L/users/kenneth/intel/composer_xe_2013_sp1.0.080/tbb/lib/intel64/gcc4.4 -L/usr/lib/gcc/x86_64-redhat-linux/4.4.7/../../.. CMakeFiles/cmTryCompileExec473810318.dir/CMakeCCompilerABI.c.o -lgcc --as-needed -lgcc_s --no-as-needed -lc -lgcc --as-needed -lgcc_s --no-as-needed /usr/lib/gcc/x86_64-redhat-linux/4.4.7/crtend.o /usr/lib/gcc/x86_64-redhat-linux/4.4.7/../../../../lib64/crtn.o]
    arg [/usr/libexec/gcc/x86_64-redhat-linux/4.4.7/collect2] ==> ignore
    arg [--eh-frame-hdr] ==> ignore
    arg [--build-id] ==> ignore
    arg [-m] ==> ignore
    arg [elf_x86_64] ==> ignore
    arg [--hash-style=gnu] ==> ignore
    arg [-export-dynamic] ==> ignore
    arg [-dynamic-linker] ==> ignore
    arg [/lib64/ld-linux-x86-64.so.2] ==> ignore
    arg [-o] ==> ignore
    arg [cmTryCompileExec473810318] ==> ignore
    arg [/usr/lib/gcc/x86_64-redhat-linux/4.4.7/../../../../lib64/crt1.o] ==> ignore
    arg [/usr/lib/gcc/x86_64-redhat-linux/4.4.7/../../../../lib64/crti.o] ==> ignore
    arg [/usr/lib/gcc/x86_64-redhat-linux/4.4.7/crtbegin.o] ==> ignore
    arg [-L/usr/lib/gcc/x86_64-redhat-linux/4.4.7] ==> dir [/usr/lib/gcc/x86_64-redhat-linux/4.4.7]
    arg [-L/usr/lib/gcc/x86_64-redhat-linux/4.4.7] ==> dir [/usr/lib/gcc/x86_64-redhat-linux/4.4.7]
    arg [-L/usr/lib/gcc/x86_64-redhat-linux/4.4.7/../../../../lib64] ==> dir [/usr/lib/gcc/x86_64-redhat-linux/4.4.7/../../../../lib64]
    arg [-L/lib/../lib64] ==> dir [/lib/../lib64]
    arg [-L/usr/lib/../lib64] ==> dir [/usr/lib/../lib64]
    arg [-L/users/kenneth/intel/composer_xe_2013_sp1.0.080/compiler/lib/intel64] ==> dir [/users/kenneth/intel/composer_xe_2013_sp1.0.080/compiler/lib/intel64]
    arg [-L/users/kenneth/intel/composer_xe_2013_sp1.0.080/ipp/../compiler/lib/intel64] ==> dir [/users/kenneth/intel/composer_xe_2013_sp1.0.080/ipp/../compiler/lib/intel64]
    arg [-L/users/kenneth/intel/composer_xe_2013_sp1.0.080/ipp/lib/intel64] ==> dir [/users/kenneth/intel/composer_xe_2013_sp1.0.080/ipp/lib/intel64]
    arg [-L/users/kenneth/intel/composer_xe_2013_sp1.0.080/compiler/lib/intel64] ==> dir [/users/kenneth/intel/composer_xe_2013_sp1.0.080/compiler/lib/intel64]
    arg [-L/users/kenneth/intel/composer_xe_2013_sp1.0.080/mkl/lib/intel64] ==> dir [/users/kenneth/intel/composer_xe_2013_sp1.0.080/mkl/lib/intel64]
    arg [-L/users/kenneth/intel/composer_xe_2013_sp1.0.080/tbb/lib/intel64/gcc4.4] ==> dir [/users/kenneth/intel/composer_xe_2013_sp1.0.080/tbb/lib/intel64/gcc4.4]
    arg [-L/users/kenneth/intel/composer_xe_2013_sp1.0.080/compiler/lib/intel64] ==> dir [/users/kenneth/intel/composer_xe_2013_sp1.0.080/compiler/lib/intel64]
    arg [-L/users/kenneth/intel/composer_xe_2013_sp1.0.080/ipp/../compiler/lib/intel64] ==> dir [/users/kenneth/intel/composer_xe_2013_sp1.0.080/ipp/../compiler/lib/intel64]
    arg [-L/users/kenneth/intel/composer_xe_2013_sp1.0.080/ipp/lib/intel64] ==> dir [/users/kenneth/intel/composer_xe_2013_sp1.0.080/ipp/lib/intel64]
    arg [-L/users/kenneth/intel/composer_xe_2013_sp1.0.080/compiler/lib/intel64] ==> dir [/users/kenneth/intel/composer_xe_2013_sp1.0.080/compiler/lib/intel64]
    arg [-L/users/kenneth/intel/composer_xe_2013_sp1.0.080/mkl/lib/intel64] ==> dir [/users/kenneth/intel/composer_xe_2013_sp1.0.080/mkl/lib/intel64]
    arg [-L/users/kenneth/intel/composer_xe_2013_sp1.0.080/tbb/lib/intel64/gcc4.4] ==> dir [/users/kenneth/intel/composer_xe_2013_sp1.0.080/tbb/lib/intel64/gcc4.4]
    arg [-L/usr/lib/gcc/x86_64-redhat-linux/4.4.7/../../..] ==> dir [/usr/lib/gcc/x86_64-redhat-linux/4.4.7/../../..]
    arg [CMakeFiles/cmTryCompileExec473810318.dir/CMakeCCompilerABI.c.o] ==> ignore
    arg [-lgcc] ==> lib [gcc]
    arg [--as-needed] ==> ignore
    arg [-lgcc_s] ==> lib [gcc_s]
    arg [--no-as-needed] ==> ignore
    arg [-lc] ==> lib [c]
    arg [-lgcc] ==> lib [gcc]
    arg [--as-needed] ==> ignore
    arg [-lgcc_s] ==> lib [gcc_s]
    arg [--no-as-needed] ==> ignore
    arg [/usr/lib/gcc/x86_64-redhat-linux/4.4.7/crtend.o] ==> ignore
    arg [/usr/lib/gcc/x86_64-redhat-linux/4.4.7/../../../../lib64/crtn.o] ==> ignore
  remove lib [gcc]
  remove lib [gcc_s]
  remove lib [gcc]
  remove lib [gcc_s]
  collapse library dir [/usr/lib/gcc/x86_64-redhat-linux/4.4.7] ==> [/usr/lib/gcc/x86_64-redhat-linux/4.4.7]
  collapse library dir [/usr/lib/gcc/x86_64-redhat-linux/4.4.7] ==> [/usr/lib/gcc/x86_64-redhat-linux/4.4.7]
  collapse library dir [/usr/lib/gcc/x86_64-redhat-linux/4.4.7/../../../../lib64] ==> [/usr/lib64]
  collapse library dir [/lib/../lib64] ==> [/lib64]
  collapse library dir [/usr/lib/../lib64] ==> [/usr/lib64]
  collapse library dir [/users/kenneth/intel/composer_xe_2013_sp1.0.080/compiler/lib/intel64] ==> [/users/kenneth/intel/composer_xe_2013_sp1.0.080/compiler/lib/intel64]
  collapse library dir [/users/kenneth/intel/composer_xe_2013_sp1.0.080/ipp/../compiler/lib/intel64] ==> [/users/kenneth/intel/composer_xe_2013_sp1.0.080/compiler/lib/intel64]
  collapse library dir [/users/kenneth/intel/composer_xe_2013_sp1.0.080/ipp/lib/intel64] ==> [/users/kenneth/intel/composer_xe_2013_sp1.0.080/ipp/lib/intel64]
  collapse library dir [/users/kenneth/intel/composer_xe_2013_sp1.0.080/compiler/lib/intel64] ==> [/users/kenneth/intel/composer_xe_2013_sp1.0.080/compiler/lib/intel64]
  collapse library dir [/users/kenneth/intel/composer_xe_2013_sp1.0.080/mkl/lib/intel64] ==> [/users/kenneth/intel/composer_xe_2013_sp1.0.080/mkl/lib/intel64]
  collapse library dir [/users/kenneth/intel/composer_xe_2013_sp1.0.080/tbb/lib/intel64/gcc4.4] ==> [/users/kenneth/intel/composer_xe_2013_sp1.0.080/tbb/lib/intel64/gcc4.4]
  collapse library dir [/users/kenneth/intel/composer_xe_2013_sp1.0.080/compiler/lib/intel64] ==> [/users/kenneth/intel/composer_xe_2013_sp1.0.080/compiler/lib/intel64]
  collapse library dir [/users/kenneth/intel/composer_xe_2013_sp1.0.080/ipp/../compiler/lib/intel64] ==> [/users/kenneth/intel/composer_xe_2013_sp1.0.080/compiler/lib/intel64]
  collapse library dir [/users/kenneth/intel/composer_xe_2013_sp1.0.080/ipp/lib/intel64] ==> [/users/kenneth/intel/composer_xe_2013_sp1.0.080/ipp/lib/intel64]
  collapse library dir [/users/kenneth/intel/composer_xe_2013_sp1.0.080/compiler/lib/intel64] ==> [/users/kenneth/intel/composer_xe_2013_sp1.0.080/compiler/lib/intel64]
  collapse library dir [/users/kenneth/intel/composer_xe_2013_sp1.0.080/mkl/lib/intel64] ==> [/users/kenneth/intel/composer_xe_2013_sp1.0.080/mkl/lib/intel64]
  collapse library dir [/users/kenneth/intel/composer_xe_2013_sp1.0.080/tbb/lib/intel64/gcc4.4] ==> [/users/kenneth/intel/composer_xe_2013_sp1.0.080/tbb/lib/intel64/gcc4.4]
  collapse library dir [/usr/lib/gcc/x86_64-redhat-linux/4.4.7/../../..] ==> [/usr/lib]
  implicit libs: [c]
  implicit dirs: [/usr/lib/gcc/x86_64-redhat-linux/4.4.7;/usr/lib64;/lib64;/users/kenneth/intel/composer_xe_2013_sp1.0.080/compiler/lib/intel64;/users/kenneth/intel/composer_xe_2013_sp1.0.080/ipp/lib/intel64;/users/kenneth/intel/composer_xe_2013_sp1.0.080/mkl/lib/intel64;/users/kenneth/intel/composer_xe_2013_sp1.0.080/tbb/lib/intel64/gcc4.4;/usr/lib]
  implicit fwks: []


Determining if the CXX compiler works passed with the following output:
Change Dir: /users/kenneth/Dropbox/Annealer/Annealer/neoParSA-1/build/CMakeFiles/CMakeTmp

Run Build Command:/usr/bin/gmake "cmTryCompileExec2468626682/fast"
/usr/bin/gmake -f CMakeFiles/cmTryCompileExec2468626682.dir/build.make CMakeFiles/cmTryCompileExec2468626682.dir/build
gmake[1]: Entering directory `/users/kenneth/Dropbox/Annealer/Annealer/neoParSA-1/build/CMakeFiles/CMakeTmp'
/usr/bin/cmake28 -E cmake_progress_report /users/kenneth/Dropbox/Annealer/Annealer/neoParSA-1/build/CMakeFiles/CMakeTmp/CMakeFiles 1
Building CXX object CMakeFiles/cmTryCompileExec2468626682.dir/testCXXCompiler.cxx.o
/users/kenneth/intel/composer_xe_2013_sp1.0.080/bin/intel64/icpc     -o CMakeFiles/cmTryCompileExec2468626682.dir/testCXXCompiler.cxx.o -c /users/kenneth/Dropbox/Annealer/Annealer/neoParSA-1/build/CMakeFiles/CMakeTmp/testCXXCompiler.cxx
Linking CXX executable cmTryCompileExec2468626682
/usr/bin/cmake28 -E cmake_link_script CMakeFiles/cmTryCompileExec2468626682.dir/link.txt --verbose=1
/users/kenneth/intel/composer_xe_2013_sp1.0.080/bin/intel64/icpc          CMakeFiles/cmTryCompileExec2468626682.dir/testCXXCompiler.cxx.o  -o cmTryCompileExec2468626682 -rdynamic 
gmake[1]: Leaving directory `/users/kenneth/Dropbox/Annealer/Annealer/neoParSA-1/build/CMakeFiles/CMakeTmp'


Detecting CXX compiler ABI info compiled with the following output:
Change Dir: /users/kenneth/Dropbox/Annealer/Annealer/neoParSA-1/build/CMakeFiles/CMakeTmp

Run Build Command:/usr/bin/gmake "cmTryCompileExec2025359106/fast"
/usr/bin/gmake -f CMakeFiles/cmTryCompileExec2025359106.dir/build.make CMakeFiles/cmTryCompileExec2025359106.dir/build
gmake[1]: Entering directory `/users/kenneth/Dropbox/Annealer/Annealer/neoParSA-1/build/CMakeFiles/CMakeTmp'
/usr/bin/cmake28 -E cmake_progress_report /users/kenneth/Dropbox/Annealer/Annealer/neoParSA-1/build/CMakeFiles/CMakeTmp/CMakeFiles 1
Building CXX object CMakeFiles/cmTryCompileExec2025359106.dir/CMakeCXXCompilerABI.cpp.o
/users/kenneth/intel/composer_xe_2013_sp1.0.080/bin/intel64/icpc     -o CMakeFiles/cmTryCompileExec2025359106.dir/CMakeCXXCompilerABI.cpp.o -c /usr/share/cmake28/Modules/CMakeCXXCompilerABI.cpp
Linking CXX executable cmTryCompileExec2025359106
/usr/bin/cmake28 -E cmake_link_script CMakeFiles/cmTryCompileExec2025359106.dir/link.txt --verbose=1
/users/kenneth/intel/composer_xe_2013_sp1.0.080/bin/intel64/icpc        -v CMakeFiles/cmTryCompileExec2025359106.dir/CMakeCXXCompilerABI.cpp.o  -o cmTryCompileExec2025359106 -rdynamic  
icpc version 14.0.0 (gcc version 4.4.7 compatibility)
/users/kenneth/intel/composer_xe_2013_sp1.0.080/bin/intel64/mcpcom    -mP1OPT_version=14.0-intel64 -mGLOB_diag_file=CMakeFiles/cmTryCompileExec2025359106.dir/CMakeCXXCompilerABI.cpp.diag -mP1OPT_print_version=FALSE -mCG_use_gas_got_workaround=F -mP2OPT_align_option_used=TRUE -mGLOB_gcc_version=447 "-mGLOB_options_string=-v -o cmTryCompileExec2025359106 -rdynamic" -mGLOB_cxx_limited_range=FALSE -mCG_extend_parms=FALSE -mGLOB_compiler_bin_directory=/users/kenneth/intel/composer_xe_2013_sp1.0.080/bin/intel64 -mGLOB_as_output_backup_file_name=/tmp/icpcAUUA3Vas_.s -mIPOPT_activate -mGLOB_em64t -mGLOB_product_id_code=0x22006d8f -mP3OPT_use_mspp_call_convention -mPGOPTI_value_profile_use=T -mP2OPT_il0_array_sections=TRUE -mGLOB_offload_mode=1 -mP2OPT_offload_unique_var_string=icpc1485488683FmmRzn -mP2OPT_hlo -mP2OPT_hpo_rtt_control=0 -mIPOPT_args_in_regs=0 -mP2OPT_disam_assume_nonstd_intent_in=FALSE -mGLOB_imf_mapping_library=/users/kenneth/intel/composer_xe_2013_sp1.0.080/bin/intel64/libiml_attr.so -mIPOPT_link -mIPOPT_ipo_activate -mIPOPT_mo_activate -mIPOPT_source_files_list=/tmp/icpcslisKiWvBQ -mIPOPT_mo_global_data -mIPOPT_link_script_file=/tmp/icpcscripts0r6pS "-mIPOPT_cmdline_link="/usr/lib/gcc/x86_64-redhat-linux/4.4.7/../../../../lib64/crt1.o" "/usr/lib/gcc/x86_64-redhat-linux/4.4.7/../../../../lib64/crti.o" "/usr/lib/gcc/x86_64-redhat-linux/4.4.7/crtbegin.o" "-export-dynamic" "--eh-frame-hdr" "--build-id" "-dynamic-linker" "/lib64/ld-linux-x86-64.so.2" "-o" "cmTryCompileExec2025359106" "-L/users/kenneth/intel/composer_xe_2013_sp1.0.080/compiler/lib/intel64" "-L/users/kenneth/intel/composer_xe_2013_sp1.0.080/ipp/../compiler/lib/intel64" "-L/users/kenneth/intel/composer_xe_2013_sp1.0.080/ipp/lib/intel64" "-L/users/kenneth/intel/composer_xe_2013_sp1.0.080/compiler/lib/intel64" "-L/users/kenneth/intel/composer_xe_2013_sp1.0.080/mkl/lib/intel64" "-L/users/kenneth/intel/composer_xe_2013_sp1.0.080/tbb/lib/intel64/gcc4.4" "-L/users/kenneth/intel/composer_xe_2013_sp1.0.080/compiler/lib/intel64" "-L/users/kenneth/intel/composer_xe_2013_sp1.0.080/ipp/../compiler/lib/intel64" "-L/users/kenneth/intel/composer_xe_2013_sp1.0.080/ipp/lib/intel64" "-L/users/kenneth/intel/composer_xe_2013_sp1.0.080/compiler/lib/intel64" "-L/users/kenneth/intel/composer_xe_2013_sp1.0.080/mkl/lib/intel64" "-L/users/kenneth/intel/composer_xe_2013_sp1.0.080/tbb/lib/intel64/gcc4.4" "-L/users/kenneth/intel/composer_xe_2013_sp1.0.080/compiler/lib/intel64" "-L/usr/lib/gcc/x86_64-redhat-linux/4.4.7/" "-L/usr/lib/gcc/x86_64-redhat-linux/4.4.7/../../../../lib64" "-L/usr/lib/gcc/x86_64-redhat-linux/4.4.7/../../../../lib64/" "-L/lib/../lib64" "-L/lib/../lib64/" "-L/usr/lib/../lib64" "-L/usr/lib/../lib64/" "-L/users/kenneth/intel/composer_xe_2013_sp1.0.080/compiler/lib/intel64/" "-L/users/kenneth/intel/composer_xe_2013_sp1.0.080/ipp/../compiler/lib/intel64/" "-L/users/kenneth/intel/composer_xe_2013_sp1.0.080/ipp/lib/intel64/" "-L/users/kenneth/intel/composer_xe_2013_sp1.0.080/mkl/lib/intel64/" "-L/users/kenneth/intel/composer_xe_2013_sp1.0.080/tbb/lib/intel64/gcc4.4/" "-L/usr/lib/gcc/x86_64-redhat-linux/4.4.7/../../../" "-L/lib64" "-L/lib/" "-L/usr/lib64" "-L/usr/lib" "CMakeFiles/cmTryCompileExec2025359106.dir/CMakeCXXCompilerABI.cpp.o" "-Bstatic" "-limf" "-lsvml" "-lirng" "-Bdynamic" "-lm" "-Bstatic" "-lipgo" "-ldecimal" "--as-needed" "-Bdynamic" "-lcilkrts" "--no-as-needed" "-lstdc++" "-lgcc" "-lgcc_s" "-Bstatic" "-lirc" "-lsvml" "-Bdynamic" "-lc" "-lgcc" "-lgcc_s" "-Bstatic" "-lirc_s" "-Bdynamic" "-ldl" "-lc" "/usr/lib/gcc/x86_64-redhat-linux/4.4.7/crtend.o" "/usr/lib/gcc/x86_64-redhat-linux/4.4.7/../../../../lib64/crtn.o"" -mIPOPT_il_in_obj -mIPOPT_ipo_activate_warn=FALSE -mIPOPT_obj_output_file_name=/tmp/ipo_icpcwnK2HF.o -mIPOPT_whole_archive_fixup_file_name=/tmp/icpcwarchtjP8we -mGLOB_linker_version=2.20.51.0.2 -mGLOB_long_size_64 -mGLOB_routine_pointer_size_64 -mGLOB_driver_tempfile_name=/tmp/icpctempfileGqLvpg -mP3OPT_asm_target=P3OPT_ASM_TARGET_GAS -mGLOB_async_unwind_tables=TRUE -mGLOB_obj_output_file=/tmp/ipo_icpcwnK2HF.o -mGLOB_source_dialect=GLOB_SOURCE_DIALECT_NONE -mP1OPT_source_file_name=ipo_out.c CMakeFiles/cmTryCompileExec2025359106.dir/CMakeCXXCompilerABI.cpp.o -mIPOPT_object_files=T -mIPOPT_assembly_files=/tmp/icpcalisebHblJ -mIPOPT_generated_tempfiles=/tmp/icpcelisAMlL9K -mIPOPT_embedded_object_base_name=/tmp/icpceobjwDolYM -mIPOPT_cmdline_link_new_name=/tmp/icpcllisbevVMO
ld    /usr/lib/gcc/x86_64-redhat-linux/4.4.7/../../../../lib64/crt1.o /usr/lib/gcc/x86_64-redhat-linux/4.4.7/../../../../lib64/crti.o /usr/lib/gcc/x86_64-redhat-linux/4.4.7/crtbegin.o -export-dynamic --eh-frame-hdr --build-id -dynamic-linker /lib64/ld-linux-x86-64.so.2 -o cmTryCompileExec2025359106 -L/users/kenneth/intel/composer_xe_2013_sp1.0.080/compiler/lib/intel64 -L/users/kenneth/intel/composer_xe_2013_sp1.0.080/ipp/../compiler/lib/intel64 -L/users/kenneth/intel/composer_xe_2013_sp1.0.080/ipp/lib/intel64 -L/users/kenneth/intel/composer_xe_2013_sp1.0.080/compiler/lib/intel64 -L/users/kenneth/intel/composer_xe_2013_sp1.0.080/mkl/lib/intel64 -L/users/kenneth/intel/composer_xe_2013_sp1.0.080/tbb/lib/intel64/gcc4.4 -L/users/kenneth/intel/composer_xe_2013_sp1.0.080/compiler/lib/intel64 -L/users/kenneth/intel/composer_xe_2013_sp1.0.080/ipp/../compiler/lib/intel64 -L/users/kenneth/intel/composer_xe_2013_sp1.0.080/ipp/lib/intel64 -L/users/kenneth/intel/composer_xe_2013_sp1.0.080/compiler/lib/intel64 -L/users/kenneth/intel/composer_xe_2013_sp1.0.080/mkl/lib/intel64 -L/users/kenneth/intel/composer_xe_2013_sp1.0.080/tbb/lib/intel64/gcc4.4 -L/users/kenneth/intel/composer_xe_2013_sp1.0.080/compiler/lib/intel64 -L/usr/lib/gcc/x86_64-redhat-linux/4.4.7/ -L/usr/lib/gcc/x86_64-redhat-linux/4.4.7/../../../../lib64 -L/usr/lib/gcc/x86_64-redhat-linux/4.4.7/../../../../lib64/ -L/lib/../lib64 -L/lib/../lib64/ -L/usr/lib/../lib64 -L/usr/lib/../lib64/ -L/users/kenneth/intel/composer_xe_2013_sp1.0.080/compiler/lib/intel64/ -L/users/kenneth/intel/composer_xe_2013_sp1.0.080/ipp/../compiler/lib/intel64/ -L/users/kenneth/intel/composer_xe_2013_sp1.0.080/ipp/lib/intel64/ -L/users/kenneth/intel/composer_xe_2013_sp1.0.080/mkl/lib/intel64/ -L/users/kenneth/intel/composer_xe_2013_sp1.0.080/tbb/lib/intel64/gcc4.4/ -L/usr/lib/gcc/x86_64-redhat-linux/4.4.7/../../../ -L/lib64 -L/lib/ -L/usr/lib64 -L/usr/lib CMakeFiles/cmTryCompileExec2025359106.dir/CMakeCXXCompilerABI.cpp.o -Bstatic -limf -lsvml -lirng -Bdynamic -lm -Bstatic -lipgo -ldecimal --as-needed -Bdynamic -lcilkrts --no-as-needed -lstdc++ -lgcc -lgcc_s -Bstatic -lirc -lsvml -Bdynamic -lc -lgcc -lgcc_s -Bstatic -lirc_s -Bdynamic -ldl -lc /usr/lib/gcc/x86_64-redhat-linux/4.4.7/crtend.o /usr/lib/gcc/x86_64-redhat-linux/4.4.7/../../../../lib64/crtn.o
gmake[1]: Leaving directory `/users/kenneth/Dropbox/Annealer/Annealer/neoParSA-1/build/CMakeFiles/CMakeTmp'


Parsed CXX implicit link information from above output:
  link line regex: [^( *|.*[/\])(ld|ld|collect2)[^/\]*( |$)]
  ignore line: [Change Dir: /users/kenneth/Dropbox/Annealer/Annealer/neoParSA-1/build/CMakeFiles/CMakeTmp]
  ignore line: []
  ignore line: [Run Build Command:/usr/bin/gmake "cmTryCompileExec2025359106/fast"]
  ignore line: [/usr/bin/gmake -f CMakeFiles/cmTryCompileExec2025359106.dir/build.make CMakeFiles/cmTryCompileExec2025359106.dir/build]
  ignore line: [gmake[1]: Entering directory `/users/kenneth/Dropbox/Annealer/Annealer/neoParSA-1/build/CMakeFiles/CMakeTmp']
  ignore line: [/usr/bin/cmake28 -E cmake_progress_report /users/kenneth/Dropbox/Annealer/Annealer/neoParSA-1/build/CMakeFiles/CMakeTmp/CMakeFiles 1]
  ignore line: [Building CXX object CMakeFiles/cmTryCompileExec2025359106.dir/CMakeCXXCompilerABI.cpp.o]
  ignore line: [/users/kenneth/intel/composer_xe_2013_sp1.0.080/bin/intel64/icpc     -o CMakeFiles/cmTryCompileExec2025359106.dir/CMakeCXXCompilerABI.cpp.o -c /usr/share/cmake28/Modules/CMakeCXXCompilerABI.cpp]
  ignore line: [Linking CXX executable cmTryCompileExec2025359106]
  ignore line: [/usr/bin/cmake28 -E cmake_link_script CMakeFiles/cmTryCompileExec2025359106.dir/link.txt --verbose=1]
  ignore line: [/users/kenneth/intel/composer_xe_2013_sp1.0.080/bin/intel64/icpc        -v CMakeFiles/cmTryCompileExec2025359106.dir/CMakeCXXCompilerABI.cpp.o  -o cmTryCompileExec2025359106 -rdynamic  ]
  ignore line: [icpc version 14.0.0 (gcc version 4.4.7 compatibility)]
  ignore line: [/users/kenneth/intel/composer_xe_2013_sp1.0.080/bin/intel64/mcpcom    -mP1OPT_version=14.0-intel64 -mGLOB_diag_file=CMakeFiles/cmTryCompileExec2025359106.dir/CMakeCXXCompilerABI.cpp.diag -mP1OPT_print_version=FALSE -mCG_use_gas_got_workaround=F -mP2OPT_align_option_used=TRUE -mGLOB_gcc_version=447 "-mGLOB_options_string=-v -o cmTryCompileExec2025359106 -rdynamic" -mGLOB_cxx_limited_range=FALSE -mCG_extend_parms=FALSE -mGLOB_compiler_bin_directory=/users/kenneth/intel/composer_xe_2013_sp1.0.080/bin/intel64 -mGLOB_as_output_backup_file_name=/tmp/icpcAUUA3Vas_.s -mIPOPT_activate -mGLOB_em64t -mGLOB_product_id_code=0x22006d8f -mP3OPT_use_mspp_call_convention -mPGOPTI_value_profile_use=T -mP2OPT_il0_array_sections=TRUE -mGLOB_offload_mode=1 -mP2OPT_offload_unique_var_string=icpc1485488683FmmRzn -mP2OPT_hlo -mP2OPT_hpo_rtt_control=0 -mIPOPT_args_in_regs=0 -mP2OPT_disam_assume_nonstd_intent_in=FALSE -mGLOB_imf_mapping_library=/users/kenneth/intel/composer_xe_2013_sp1.0.080/bin/intel64/libiml_attr.so -mIPOPT_link -mIPOPT_ipo_activate -mIPOPT_mo_activate -mIPOPT_source_files_list=/tmp/icpcslisKiWvBQ -mIPOPT_mo_global_data -mIPOPT_link_script_file=/tmp/icpcscripts0r6pS "-mIPOPT_cmdline_link="/usr/lib/gcc/x86_64-redhat-linux/4.4.7/../../../../lib64/crt1.o" "/usr/lib/gcc/x86_64-redhat-linux/4.4.7/../../../../lib64/crti.o" "/usr/lib/gcc/x86_64-redhat-linux/4.4.7/crtbegin.o" "-export-dynamic" "--eh-frame-hdr" "--build-id" "-dynamic-linker" "/lib64/ld-linux-x86-64.so.2" "-o" "cmTryCompileExec2025359106" "-L/users/kenneth/intel/composer_xe_2013_sp1.0.080/compiler/lib/intel64" "-L/users/kenneth/intel/composer_xe_2013_sp1.0.080/ipp/../compiler/lib/intel64" "-L/users/kenneth/intel/composer_xe_2013_sp1.0.080/ipp/lib/intel64" "-L/users/kenneth/intel/composer_xe_2013_sp1.0.080/compiler/lib/intel64" "-L/users/kenneth/intel/composer_xe_2013_sp1.0.080/mkl/lib/intel64" "-L/users/kenneth/intel/composer_xe_2013_sp1.0.080/tbb/lib/intel64/gcc4.4" "-L/users/kenneth/intel/composer_xe_2013_sp1.0.080/compiler/lib/intel64" "-L/users/kenneth/intel/composer_xe_2013_sp1.0.080/ipp/../compiler/lib/intel64" "-L/users/kenneth/intel/composer_xe_2013_sp1.0.080/ipp/lib/intel64" "-L/users/kenneth/intel/composer_xe_2013_sp1.0.080/compiler/lib/intel64" "-L/users/kenneth/intel/composer_xe_2013_sp1.0.080/mkl/lib/intel64" "-L/users/kenneth/intel/composer_xe_2013_sp1.0.080/tbb/lib/intel64/gcc4.4" "-L/users/kenneth/intel/composer_xe_2013_sp1.0.080/compiler/lib/intel64" "-L/usr/lib/gcc/x86_64-redhat-linux/4.4.7/" "-L/usr/lib/gcc/x86_64-redhat-linux/4.4.7/../../../../lib64" "-L/usr/lib/gcc/x86_64-redhat-linux/4.4.7/../../../../lib64/" "-L/lib/../lib64" "-L/lib/../lib64/" "-L/usr/lib/../lib64" "-L/usr/lib/../lib64/" "-L/users/kenneth/intel/composer_xe_2013_sp1.0.080/compiler/lib/intel64/" "-L/users/kenneth/intel/composer_xe_2013_sp1.0.080/ipp/../compiler/lib/intel64/" "-L/users/kenneth/intel/composer_xe_2013_sp1.0.080/ipp/lib/intel64/" "-L/users/kenneth/intel/composer_xe_2013_sp1.0.080/mkl/lib/intel64/" "-L/users/kenneth/intel/composer_xe_2013_sp1.0.080/tbb/lib/intel64/gcc4.4/" "-L/usr/lib/gcc/x86_64-redhat-linux/4.4.7/../../../" "-L/lib64" "-L/lib/" "-L/usr/lib64" "-L/usr/lib" "CMakeFiles/cmTryCompileExec2025359106.dir/CMakeCXXCompilerABI.cpp.o" "-Bstatic" "-limf" "-lsvml" "-lirng" "-Bdynamic" "-lm" "-Bstatic" "-lipgo" "-ldecimal" "--as-needed" "-Bdynamic" "-lcilkrts" "--no-as-needed" "-lstdc++" "-lgcc" "-lgcc_s" "-Bstatic" "-lirc" "-lsvml" "-Bdynamic" "-lc" "-lgcc" "-lgcc_s" "-Bstatic" "-lirc_s" "-Bdynamic" "-ldl" "-lc" "/usr/lib/gcc/x86_64-redhat-linux/4.4.7/crtend.o" "/usr/lib/gcc/x86_64-redhat-linux/4.4.7/../../../../lib64/crtn.o"" -mIPOPT_il_in_obj -mIPOPT_ipo_activate_warn=FALSE -mIPOPT_obj_output_file_name=/tmp/ipo_icpcwnK2HF.o -mIPOPT_whole_archive_fixup_file_name=/tmp/icpcwarchtjP8we -mGLOB_linker_version=2.20.51.0.2 -mGLOB_long_size_64 -mGLOB_routine_pointer_size_64 -mGLOB_driver_tempfile_name=/tmp/icpctempfileGqLvpg -mP3OPT_asm_target=P3OPT_ASM_TARGET_GAS -mGLOB_async_unwind_tables=TRUE -mGLOB_obj_output_file=/tmp/ipo_icpcwnK2HF.o -mGLOB_source_dialect=GLOB_SOURCE_DIALECT_NONE -mP1OPT_source_file_name=ipo_out.c CMakeFiles/cmTryCompileExec2025359106.dir/CMakeCXXCompilerABI.cpp.o -mIPOPT_object_files=T -mIPOPT_assembly_files=/tmp/icpcalisebHblJ -mIPOPT_generated_tempfiles=/tmp/icpcelisAMlL9K -mIPOPT_embedded_object_base_name=/tmp/icpceobjwDolYM -mIPOPT_cmdline_link_new_name=/tmp/icpcllisbevVMO]
  link line: [ld    /usr/lib/gcc/x86_64-redhat-linux/4.4.7/../../../../lib64/crt1.o /usr/lib/gcc/x86_64-redhat-linux/4.4.7/../../../../lib64/crti.o /usr/lib/gcc/x86_64-redhat-linux/4.4.7/crtbegin.o -export-dynamic --eh-frame-hdr --build-id -dynamic-linker /lib64/ld-linux-x86-64.so.2 -o cmTryCompileExec2025359106 -L/users/kenneth/intel/composer_xe_2013_sp1.0.080/compiler/lib/intel64 -L/users/kenneth/intel/composer_xe_2013_sp1.0.080/ipp/../compiler/lib/intel64 -L/users/kenneth/intel/composer_xe_2013_sp1.0.080/ipp/lib/intel64 -L/users/kenneth/intel/composer_xe_2013_sp1.0.080/compiler/lib/intel64 -L/users/kenneth/intel/composer_xe_2013_sp1.0.080/mkl/lib/intel64 -L/users/kenneth/intel/composer_xe_2013_sp1.0.080/tbb/lib/intel64/gcc4.4 -L/users/kenneth/intel/composer_xe_2013_sp1.0.080/compiler/lib/intel64 -L/users/kenneth/intel/composer_xe_2013_sp1.0.080/ipp/../compiler/lib/intel64 -L/users/kenneth/intel/composer_xe_2013_sp1.0.080/ipp/lib/intel64 -L/users/kenneth/intel/composer_xe_2013_sp1.0.080/compiler/lib/intel64 -L/users/kenneth/intel/composer_xe_2013_sp1.0.080/mkl/lib/intel64 -L/users/kenneth/intel/composer_xe_2013_sp1.0.080/tbb/lib/intel64/gcc4.4 -L/users/kenneth/intel/composer_xe_2013_sp1.0.080/compiler/lib/intel64 -L/usr/lib/gcc/x86_64-redhat-linux/4.4.7/ -L/usr/lib/gcc/x86_64-redhat-linux/4.4.7/../../../../lib64 -L/usr/lib/gcc/x86_64-redhat-linux/4.4.7/../../../../lib64/ -L/lib/../lib64 -L/lib/../lib64/ -L/usr/lib/../lib64 -L/usr/lib/../lib64/ -L/users/kenneth/intel/composer_xe_2013_sp1.0.080/compiler/lib/intel64/ -L/users/kenneth/intel/composer_xe_2013_sp1.0.080/ipp/../compiler/lib/intel64/ -L/users/kenneth/intel/composer_xe_2013_sp1.0.080/ipp/lib/intel64/ -L/users/kenneth/intel/composer_xe_2013_sp1.0.080/mkl/lib/intel64/ -L/users/kenneth/intel/composer_xe_2013_sp1.0.080/tbb/lib/intel64/gcc4.4/ -L/usr/lib/gcc/x86_64-redhat-linux/4.4.7/../../../ -L/lib64 -L/lib/ -L/usr/lib64 -L/usr/lib CMakeFiles/cmTryCompileExec2025359106.dir/CMakeCXXCompilerABI.cpp.o -Bstatic -limf -lsvml -lirng -Bdynamic -lm -Bstatic -lipgo -ldecimal --as-needed -Bdynamic -lcilkrts --no-as-needed -lstdc++ -lgcc -lgcc_s -Bstatic -lirc -lsvml -Bdynamic -lc -lgcc -lgcc_s -Bstatic -lirc_s -Bdynamic -ldl -lc /usr/lib/gcc/x86_64-redhat-linux/4.4.7/crtend.o /usr/lib/gcc/x86_64-redhat-linux/4.4.7/../../../../lib64/crtn.o]
    arg [ld] ==> ignore
    arg [/usr/lib/gcc/x86_64-redhat-linux/4.4.7/../../../../lib64/crt1.o] ==> ignore
    arg [/usr/lib/gcc/x86_64-redhat-linux/4.4.7/../../../../lib64/crti.o] ==> ignore
    arg [/usr/lib/gcc/x86_64-redhat-linux/4.4.7/crtbegin.o] ==> ignore
    arg [-export-dynamic] ==> ignore
    arg [--eh-frame-hdr] ==> ignore
    arg [--build-id] ==> ignore
    arg [-dynamic-linker] ==> ignore
    arg [/lib64/ld-linux-x86-64.so.2] ==> ignore
    arg [-o] ==> ignore
    arg [cmTryCompileExec2025359106] ==> ignore
    arg [-L/users/kenneth/intel/composer_xe_2013_sp1.0.080/compiler/lib/intel64] ==> dir [/users/kenneth/intel/composer_xe_2013_sp1.0.080/compiler/lib/intel64]
    arg [-L/users/kenneth/intel/composer_xe_2013_sp1.0.080/ipp/../compiler/lib/intel64] ==> dir [/users/kenneth/intel/composer_xe_2013_sp1.0.080/ipp/../compiler/lib/intel64]
    arg [-L/users/kenneth/intel/composer_xe_2013_sp1.0.080/ipp/lib/intel64] ==> dir [/users/kenneth/intel/composer_xe_2013_sp1.0.080/ipp/lib/intel64]
    arg [-L/users/kenneth/intel/composer_xe_2013_sp1.0.080/compiler/lib/intel64] ==> dir [/users/kenneth/intel/composer_xe_2013_sp1.0.080/compiler/lib/intel64]
    arg [-L/users/kenneth/intel/composer_xe_2013_sp1.0.080/mkl/lib/intel64] ==> dir [/users/kenneth/intel/composer_xe_2013_sp1.0.080/mkl/lib/intel64]
    arg [-L/users/kenneth/intel/composer_xe_2013_sp1.0.080/tbb/lib/intel64/gcc4.4] ==> dir [/users/kenneth/intel/composer_xe_2013_sp1.0.080/tbb/lib/intel64/gcc4.4]
    arg [-L/users/kenneth/intel/composer_xe_2013_sp1.0.080/compiler/lib/intel64] ==> dir [/users/kenneth/intel/composer_xe_2013_sp1.0.080/compiler/lib/intel64]
    arg [-L/users/kenneth/intel/composer_xe_2013_sp1.0.080/ipp/../compiler/lib/intel64] ==> dir [/users/kenneth/intel/composer_xe_2013_sp1.0.080/ipp/../compiler/lib/intel64]
    arg [-L/users/kenneth/intel/composer_xe_2013_sp1.0.080/ipp/lib/intel64] ==> dir [/users/kenneth/intel/composer_xe_2013_sp1.0.080/ipp/lib/intel64]
    arg [-L/users/kenneth/intel/composer_xe_2013_sp1.0.080/compiler/lib/intel64] ==> dir [/users/kenneth/intel/composer_xe_2013_sp1.0.080/compiler/lib/intel64]
    arg [-L/users/kenneth/intel/composer_xe_2013_sp1.0.080/mkl/lib/intel64] ==> dir [/users/kenneth/intel/composer_xe_2013_sp1.0.080/mkl/lib/intel64]
    arg [-L/users/kenneth/intel/composer_xe_2013_sp1.0.080/tbb/lib/intel64/gcc4.4] ==> dir [/users/kenneth/intel/composer_xe_2013_sp1.0.080/tbb/lib/intel64/gcc4.4]
    arg [-L/users/kenneth/intel/composer_xe_2013_sp1.0.080/compiler/lib/intel64] ==> dir [/users/kenneth/intel/composer_xe_2013_sp1.0.080/compiler/lib/intel64]
    arg [-L/usr/lib/gcc/x86_64-redhat-linux/4.4.7/] ==> dir [/usr/lib/gcc/x86_64-redhat-linux/4.4.7/]
    arg [-L/usr/lib/gcc/x86_64-redhat-linux/4.4.7/../../../../lib64] ==> dir [/usr/lib/gcc/x86_64-redhat-linux/4.4.7/../../../../lib64]
    arg [-L/usr/lib/gcc/x86_64-redhat-linux/4.4.7/../../../../lib64/] ==> dir [/usr/lib/gcc/x86_64-redhat-linux/4.4.7/../../../../lib64/]
    arg [-L/lib/../lib64] ==> dir [/lib/../lib64]
    arg [-L/lib/../lib64/] ==> dir [/lib/../lib64/]
    arg [-L/usr/lib/../lib64] ==> dir [/usr/lib/../lib64]
    arg [-L/usr/lib/../lib64/] ==> dir [/usr/lib/../lib64/]
    arg [-L/users/kenneth/intel/composer_xe_2013_sp1.0.080/compiler/lib/intel64/] ==> dir [/users/kenneth/intel/composer_xe_2013_sp1.0.080/compiler/lib/intel64/]
    arg [-L/users/kenneth/intel/composer_xe_2013_sp1.0.080/ipp/../compiler/lib/intel64/] ==> dir [/users/kenneth/intel/composer_xe_2013_sp1.0.080/ipp/../compiler/lib/intel64/]
    arg [-L/users/kenneth/intel/composer_xe_2013_sp1.0.080/ipp/lib/intel64/] ==> dir [/users/kenneth/intel/composer_xe_2013_sp1.0.080/ipp/lib/intel64/]
    arg [-L/users/kenneth/intel/composer_xe_2013_sp1.0.080/mkl/lib/intel64/] ==> dir [/users/kenneth/intel/composer_xe_2013_sp1.0.080/mkl/lib/intel64/]
    arg [-L/users/kenneth/intel/composer_xe_2013_sp1.0.080/tbb/lib/intel64/gcc4.4/] ==> dir [/users/kenneth/intel/composer_xe_2013_sp1.0.080/tbb/lib/intel64/gcc4.4/]
    arg [-L/usr/lib/gcc/x86_64-redhat-linux/4.4.7/../../../] ==> dir [/usr/lib/gcc/x86_64-redhat-linux/4.4.7/../../../]
    arg [-L/lib64] ==> dir [/lib64]
    arg [-L/lib/] ==> dir [/lib/]
    arg [-L/usr/lib64] ==> dir [/usr/lib64]
    arg [-L/usr/lib] ==> dir [/usr/lib]
    arg [CMakeFiles/cmTryCompileExec2025359106.dir/CMakeCXXCompilerABI.cpp.o] ==> ignore
    arg [-Bstatic] ==> ignore
    arg [-limf] ==> lib [imf]
    arg [-lsvml] ==> lib [svml]
    arg [-lirng] ==> lib [irng]
    arg [-Bdynamic] ==> ignore
    arg [-lm] ==> lib [m]
    arg [-Bstatic] ==> ignore
    arg [-lipgo] ==> lib [ipgo]
    arg [-ldecimal] ==> lib [decimal]
    arg [--as-needed] ==> ignore
    arg [-Bdynamic] ==> ignore
    arg [-lcilkrts] ==> lib [cilkrts]
    arg [--no-as-needed] ==> ignore
    arg [-lstdc++] ==> lib [stdc++]
    arg [-lgcc] ==> lib [gcc]
    arg [-lgcc_s] ==> lib [gcc_s]
    arg [-Bstatic] ==> ignore
    arg [-lirc] ==> lib [irc]
    arg [-lsvml] ==> lib [svml]
    arg [-Bdynamic] ==> ignore
    arg [-lc] ==> lib [c]
    arg [-lgcc] ==> lib [gcc]
    arg [-lgcc_s] ==> lib [gcc_s]
    arg [-Bstatic] ==> ignore
    arg [-lirc_s] ==> lib [irc_s]
    arg [-Bdynamic] ==> ignore
    arg [-ldl] ==> lib [dl]
    arg [-lc] ==> lib [c]
    arg [/usr/lib/gcc/x86_64-redhat-linux/4.4.7/crtend.o] ==> ignore
    arg [/usr/lib/gcc/x86_64-redhat-linux/4.4.7/../../../../lib64/crtn.o] ==> ignore
  remove lib [gcc]
  remove lib [gcc_s]
  remove lib [gcc]
  remove lib [gcc_s]
  collapse library dir [/users/kenneth/intel/composer_xe_2013_sp1.0.080/compiler/lib/intel64] ==> [/users/kenneth/intel/composer_xe_2013_sp1.0.080/compiler/lib/intel64]
  collapse library dir [/users/kenneth/intel/composer_xe_2013_sp1.0.080/ipp/../compiler/lib/intel64] ==> [/users/kenneth/intel/composer_xe_2013_sp1.0.080/compiler/lib/intel64]
  collapse library dir [/users/kenneth/intel/composer_xe_2013_sp1.0.080/ipp/lib/intel64] ==> [/users/kenneth/intel/composer_xe_2013_sp1.0.080/ipp/lib/intel64]
  collapse library dir [/users/kenneth/intel/composer_xe_2013_sp1.0.080/compiler/lib/intel64] ==> [/users/kenneth/intel/composer_xe_2013_sp1.0.080/compiler/lib/intel64]
  collapse library dir [/users/kenneth/intel/composer_xe_2013_sp1.0.080/mkl/lib/intel64] ==> [/users/kenneth/intel/composer_xe_2013_sp1.0.080/mkl/lib/intel64]
  collapse library dir [/users/kenneth/intel/composer_xe_2013_sp1.0.080/tbb/lib/intel64/gcc4.4] ==> [/users/kenneth/intel/composer_xe_2013_sp1.0.080/tbb/lib/intel64/gcc4.4]
  collapse library dir [/users/kenneth/intel/composer_xe_2013_sp1.0.080/compiler/lib/intel64] ==> [/users/kenneth/intel/composer_xe_2013_sp1.0.080/compiler/lib/intel64]
  collapse library dir [/users/kenneth/intel/composer_xe_2013_sp1.0.080/ipp/../compiler/lib/intel64] ==> [/users/kenneth/intel/composer_xe_2013_sp1.0.080/compiler/lib/intel64]
  collapse library dir [/users/kenneth/intel/composer_xe_2013_sp1.0.080/ipp/lib/intel64] ==> [/users/kenneth/intel/composer_xe_2013_sp1.0.080/ipp/lib/intel64]
  collapse library dir [/users/kenneth/intel/composer_xe_2013_sp1.0.080/compiler/lib/intel64] ==> [/users/kenneth/intel/composer_xe_2013_sp1.0.080/compiler/lib/intel64]
  collapse library dir [/users/kenneth/intel/composer_xe_2013_sp1.0.080/mkl/lib/intel64] ==> [/users/kenneth/intel/composer_xe_2013_sp1.0.080/mkl/lib/intel64]
  collapse library dir [/users/kenneth/intel/composer_xe_2013_sp1.0.080/tbb/lib/intel64/gcc4.4] ==> [/users/kenneth/intel/composer_xe_2013_sp1.0.080/tbb/lib/intel64/gcc4.4]
  collapse library dir [/users/kenneth/intel/composer_xe_2013_sp1.0.080/compiler/lib/intel64] ==> [/users/kenneth/intel/composer_xe_2013_sp1.0.080/compiler/lib/intel64]
  collapse library dir [/usr/lib/gcc/x86_64-redhat-linux/4.4.7/] ==> [/usr/lib/gcc/x86_64-redhat-linux/4.4.7]
  collapse library dir [/usr/lib/gcc/x86_64-redhat-linux/4.4.7/../../../../lib64] ==> [/usr/lib64]
  collapse library dir [/usr/lib/gcc/x86_64-redhat-linux/4.4.7/../../../../lib64/] ==> [/usr/lib64]
  collapse library dir [/lib/../lib64] ==> [/lib64]
  collapse library dir [/lib/../lib64/] ==> [/lib64]
  collapse library dir [/usr/lib/../lib64] ==> [/usr/lib64]
  collapse library dir [/usr/lib/../lib64/] ==> [/usr/lib64]
  collapse library dir [/users/kenneth/intel/composer_xe_2013_sp1.0.080/compiler/lib/intel64/] ==> [/users/kenneth/intel/composer_xe_2013_sp1.0.080/compiler/lib/intel64]
  collapse library dir [/users/kenneth/intel/composer_xe_2013_sp1.0.080/ipp/../compiler/lib/intel64/] ==> [/users/kenneth/intel/composer_xe_2013_sp1.0.080/compiler/lib/intel64]
  collapse library dir [/users/kenneth/intel/composer_xe_2013_sp1.0.080/ipp/lib/intel64/] ==> [/users/kenneth/intel/composer_xe_2013_sp1.0.080/ipp/lib/intel64]
  collapse library dir [/users/kenneth/intel/composer_xe_2013_sp1.0.080/mkl/lib/intel64/] ==> [/users/kenneth/intel/composer_xe_2013_sp1.0.080/mkl/lib/intel64]
  collapse library dir [/users/kenneth/intel/composer_xe_2013_sp1.0.080/tbb/lib/intel64/gcc4.4/] ==> [/users/kenneth/intel/composer_xe_2013_sp1.0.080/tbb/lib/intel64/gcc4.4]
  collapse library dir [/usr/lib/gcc/x86_64-redhat-linux/4.4.7/../../../] ==> [/usr/lib]
  collapse library dir [/lib64] ==> [/lib64]
  collapse library dir [/lib/] ==> [/lib]
  collapse library dir [/usr/lib64] ==> [/usr/lib64]
  collapse library dir [/usr/lib] ==> [/usr/lib]
  implicit libs: [imf;svml;irng;m;ipgo;decimal;cilkrts;stdc++;irc;svml;c;irc_s;dl;c]
  implicit dirs: [/users/kenneth/intel/composer_xe_2013_sp1.0.080/compiler/lib/intel64;/users/kenneth/intel/composer_xe_2013_sp1.0.080/ipp/lib/intel64;/users/kenneth/intel/composer_xe_2013_sp1.0.080/mkl/lib/intel64;/users/kenneth/intel/composer_xe_2013_sp1.0.080/tbb/lib/intel64/gcc4.4;/usr/lib/gcc/x86_64-redhat-linux/4.4.7;/usr/lib64;/lib64;/usr/lib;/lib]
  implicit fwks: []


